Arguments: 
  C:\Program Files\nodejs\node.exe C:\Program Files (x86)\Yarn\bin\yarn.js

PATH: 
  C:\Program Files\ImageMagick-7.0.10-Q16-HDRI;C:\Program Files\Oculus\Support\oculus-runtime;C:\Program Files (x86)\Razer Chroma SDK\bin;C:\Program Files\Razer Chroma SDK\bin;C:\Program Files\Microsoft MPI\Bin\;C:\Program Files (x86)\Common Files\Intel\Shared Libraries\redist\intel64\compiler;C:\Python27\;C:\Python27\Scripts;C:\Program Files (x86)\Common Files\Oracle\Java\javapath;C:\Windows\system32;C:\Windows;C:\Windows\System32\Wbem;C:\Windows\System32\WindowsPowerShell\v1.0\;C:\Windows\System32\OpenSSH\;C:\ProgramData\chocolatey\bin;C:\ffmpeg-20200218-ebee808-win64-static\bin;C:\Program Files\Git\cmd;C:\Program Files\Topaz Labs\Gigapixel AI for Video;C:\Program Files (x86)\NVIDIA Corporation\PhysX\Common;C:\Program Files\CMake\bin;C:\Program Files\Ferro Software\FtpUse;C:\Program Files\dotnet\;C:\Program Files\Microsoft SQL Server\130\Tools\Binn\;C:\Program Files\MySQL\MySQL Shell 8.0\bin\;C:\Users\Rowan Hall\AppData\Local\Microsoft\WindowsApps;C:\Users\Rowan Hall\AppData\Local\atom\bin;C:\Users\Rowan Hall\AppData\Local\Programs\Microsoft VS Code\bin;C:\Program Files\JetBrains\IntelliJ IDEA 2020.1\bin;C:\Program Files (x86)\Nmap;C:\Users\Rowan Hall\Downloads\node-v12.3.1-win-x64;C:\Users\Rowan Hall\AppData\Local\GitHubDesktop\bin;C:\winBuild\bin;C:\Program Files\k6\;C:\Program Files (x86)\Certbot\bin;C:\Program Files\PuTTY\;C:\Program Files (x86)\Yarn\bin\;C:\Program Files\nodejs\;C:\Ruby26-x64\bin;C:\Users\roobscoob\AppData\Local\BCML\bin;C:\Program Files\MySQL\MySQL Shell 8.0\bin\;C:\Users\roobscoob\AppData\Local\Microsoft\WindowsApps;C:\Users\roobscoob\AppData\Local\atom\bin;C:\Users\roobscoob\AppData\Local\Programs\Microsoft VS Code\bin;C:\Program Files\JetBrains\IntelliJ IDEA 2020.1\bin;C:\Program Files (x86)\Nmap;C:\Users\roobscoob\AppData\Local\GitHubDesktop\bin;C:\winBuild\bin;C:\Program Files\Tesseract-OCR;C:\Python38;C:\Users\roobscoob\Downloads\platform-tools_r30.0.2-windows\platform-tools;C:\Program Files (x86)\mitmproxy\bin;C:\Users\roobscoob\AppData\Local\Programs\Fiddler;C:\Users\roobscoob\AppData\Local\Programs\Python\Python38\Scripts;C:\Users\roobscoob\AppData\Local\Programs\Python\Python38;C:\Program Files (x86)\Geth;C:\Users\Rowan Hall\AppData\Local\Programs\Microsoft VS Code\bin;C:\Users\roobscoob\AppData\Local\Yarn\bin;;C:\Users\roobscoob\AppData\Roaming\nvm\v10.16.0;C:\Users\roobscoob\AppData\Roaming\npm;C:\Users\roobscoob\.dotnet\tools

Yarn version: 
  1.22.5

Node version: 
  10.16.0

Platform: 
  win32 x64

Trace: 
  Error: EPERM: operation not permitted, open 'C:\Users\roobscoob\.npmrc'

npm manifest: 
  {
    "name": "nodepolus2",
    "version": "1.0.0",
    "description": "",
    "main": "index.js",
    "scripts": {
      "test": "echo \"Error: no test specified\" && exit 1"
    },
    "author": "",
    "license": "ISC",
    "dependencies": {
      "buffer": "^5.7.0"
    },
    "devDependencies": {
      "eslint": "^7.12.1",
      "eslint-config-recommended": "4.1.0",
      "@types/node": "^14.14.6"
    }
  }

yarn manifest: 
  No manifest

Lockfile: 
  No lockfile
